# JRE version: OpenJDK Runtime Environment (8.0_152-b01) (build 1.8.0_152-release-915-b01)
# Java VM: OpenJDK 64-Bit Server VM (25.152-b01 mixed mode windows-amd64 compressed oops)
Heap:
 PSYoungGen      total 356352K, used 146227K [0x00000000e0000000, 0x00000000f7200000, 0x0000000100000000)
  eden space 343040K, 40% used [0x00000000e0000000,0x00000000e88fe1c0,0x00000000f4f00000)
  from space 13312K, 44% used [0x00000000f6500000,0x00000000f6acea48,0x00000000f7200000)
  to   space 17920K, 0% used [0x00000000f4f00000,0x00000000f4f00000,0x00000000f6080000)
 ParOldGen       total 93696K, used 44328K [0x00000000a0000000, 0x00000000a5b80000, 0x00000000e0000000)
  object space 93696K, 47% used [0x00000000a0000000,0x00000000a2b4a2e8,0x00000000a5b80000)
 Metaspace       used 66006K, capacity 68694K, committed 68824K, reserved 1110016K
  class space    used 8520K, capacity 9136K, committed 9216K, reserved 1048576K
GC Heap History (10 events):
Event: 40.672 GC heap before
{Heap before GC invocations=25 (full 2):
 PSYoungGen      total 228352K, used 207445K [0x00000000e0000000, 0x00000000ef580000, 0x0000000100000000)
  eden space 207360K, 99% used [0x00000000e0000000,0x00000000eca7d790,0x00000000eca80000)
  from space 20992K, 0% used [0x00000000ee100000,0x00000000ee118000,0x00000000ef580000)
  to   space 22016K, 0% used [0x00000000eca80000,0x00000000eca80000,0x00000000ee000000)
 ParOldGen       total 58368K, used 47708K [0x00000000a0000000, 0x00000000a3900000, 0x00000000e0000000)
  object space 58368K, 81% used [0x00000000a0000000,0x00000000a2e972e8,0x00000000a3900000)
 Metaspace       used 56071K, capacity 58168K, committed 58456K, reserved 1099776K
  class space    used 7539K, capacity 8024K, committed 8064K, reserved 1048576K
Event: 40.681 GC heap after
Heap after GC invocations=25 (full 2):
 PSYoungGen      total 229376K, used 4137K [0x00000000e0000000, 0x00000000f3a80000, 0x0000000100000000)
  eden space 207360K, 0% used [0x00000000e0000000,0x00000000e0000000,0x00000000eca80000)
  from space 22016K, 18% used [0x00000000eca80000,0x00000000ece8a4d8,0x00000000ee000000)
  to   space 20992K, 0% used [0x00000000f2600000,0x00000000f2600000,0x00000000f3a80000)
 ParOldGen       total 58368K, used 47732K [0x00000000a0000000, 0x00000000a3900000, 0x00000000e0000000)
  object space 58368K, 81% used [0x00000000a0000000,0x00000000a2e9d2e8,0x00000000a3900000)
 Metaspace       used 56071K, capacity 58168K, committed 58456K, reserved 1099776K
  class space    used 7539K, capacity 8024K, committed 8064K, reserved 1048576K
}
Event: 43.849 GC heap before
{Heap before GC invocations=26 (full 2):
 PSYoungGen      total 229376K, used 51083K [0x00000000e0000000, 0x00000000f3a80000, 0x0000000100000000)
  eden space 207360K, 22% used [0x00000000e0000000,0x00000000e2dd89d8,0x00000000eca80000)
  from space 22016K, 18% used [0x00000000eca80000,0x00000000ece8a4d8,0x00000000ee000000)
  to   space 20992K, 0% used [0x00000000f2600000,0x00000000f2600000,0x00000000f3a80000)
 ParOldGen       total 58368K, used 47732K [0x00000000a0000000, 0x00000000a3900000, 0x00000000e0000000)
  object space 58368K, 81% used [0x00000000a0000000,0x00000000a2e9d2e8,0x00000000a3900000)
 Metaspace       used 56790K, capacity 58904K, committed 59028K, reserved 1099776K
  class space    used 7641K, capacity 8120K, committed 8192K, reserved 1048576K
Event: 43.858 GC heap after
Heap after GC invocations=26 (full 2):
 PSYoungGen      total 293888K, used 4051K [0x00000000e0000000, 0x00000000f3600000, 0x0000000100000000)
  eden space 277504K, 0% used [0x00000000e0000000,0x00000000e0000000,0x00000000f0f00000)
  from space 16384K, 24% used [0x00000000f2600000,0x00000000f29f4fc0,0x00000000f3600000)
  to   space 19968K, 0% used [0x00000000f0f00000,0x00000000f0f00000,0x00000000f2280000)
 ParOldGen       total 58368K, used 50257K [0x00000000a0000000, 0x00000000a3900000, 0x00000000e0000000)
  object space 58368K, 86% used [0x00000000a0000000,0x00000000a31146c8,0x00000000a3900000)
 Metaspace       used 56790K, capacity 58904K, committed 59028K, reserved 1099776K
  class space    used 7641K, capacity 8120K, committed 8192K, reserved 1048576K
}
Event: 43.858 GC heap before
{Heap before GC invocations=27 (full 3):
 PSYoungGen      total 293888K, used 4051K [0x00000000e0000000, 0x00000000f3600000, 0x0000000100000000)
  eden space 277504K, 0% used [0x00000000e0000000,0x00000000e0000000,0x00000000f0f00000)
  from space 16384K, 24% used [0x00000000f2600000,0x00000000f29f4fc0,0x00000000f3600000)
  to   space 19968K, 0% used [0x00000000f0f00000,0x00000000f0f00000,0x00000000f2280000)
 ParOldGen       total 58368K, used 50257K [0x00000000a0000000, 0x00000000a3900000, 0x00000000e0000000)
  object space 58368K, 86% used [0x00000000a0000000,0x00000000a31146c8,0x00000000a3900000)
 Metaspace       used 56790K, capacity 58904K, committed 59028K, reserved 1099776K
  class space    used 7641K, capacity 8120K, committed 8192K, reserved 1048576K
Event: 44.111 GC heap after
Heap after GC invocations=27 (full 3):
 PSYoungGen      total 293888K, used 0K [0x00000000e0000000, 0x00000000f3600000, 0x0000000100000000)
  eden space 277504K, 0% used [0x00000000e0000000,0x00000000e0000000,0x00000000f0f00000)
  from space 16384K, 0% used [0x00000000f2600000,0x00000000f2600000,0x00000000f3600000)
  to   space 19968K, 0% used [0x00000000f0f00000,0x00000000f0f00000,0x00000000f2280000)
 ParOldGen       total 93696K, used 42139K [0x00000000a0000000, 0x00000000a5b80000, 0x00000000e0000000)
  object space 93696K, 44% used [0x00000000a0000000,0x00000000a2926de0,0x00000000a5b80000)
 Metaspace       used 56746K, capacity 58790K, committed 59028K, reserved 1099776K
  class space    used 7628K, capacity 8098K, committed 8192K, reserved 1048576K
}
Event: 95.923 GC heap before
{Heap before GC invocations=28 (full 3):
 PSYoungGen      total 293888K, used 277504K [0x00000000e0000000, 0x00000000f3600000, 0x0000000100000000)
  eden space 277504K, 100% used [0x00000000e0000000,0x00000000f0f00000,0x00000000f0f00000)
  from space 16384K, 0% used [0x00000000f2600000,0x00000000f2600000,0x00000000f3600000)
  to   space 19968K, 0% used [0x00000000f0f00000,0x00000000f0f00000,0x00000000f2280000)
 ParOldGen       total 93696K, used 42139K [0x00000000a0000000, 0x00000000a5b80000, 0x00000000e0000000)
  object space 93696K, 44% used [0x00000000a0000000,0x00000000a2926de0,0x00000000a5b80000)
 Metaspace       used 61000K, capacity 63192K, committed 63320K, reserved 1103872K
  class space    used 8023K, capacity 8523K, committed 8576K, reserved 1048576K
Event: 95.952 GC heap after
Heap after GC invocations=28 (full 3):
 PSYoungGen      total 297472K, used 7680K [0x00000000e0000000, 0x00000000f7780000, 0x0000000100000000)
  eden space 277504K, 0% used [0x00000000e0000000,0x00000000e0000000,0x00000000f0f00000)
  from space 19968K, 38% used [0x00000000f0f00000,0x00000000f1680298,0x00000000f2280000)
  to   space 18944K, 0% used [0x00000000f6500000,0x00000000f6500000,0x00000000f7780000)
 ParOldGen       total 93696K, used 42147K [0x00000000a0000000, 0x00000000a5b80000, 0x00000000e0000000)
  object space 93696K, 44% used [0x00000000a0000000,0x00000000a2928de0,0x00000000a5b80000)
 Metaspace       used 61000K, capacity 63192K, committed 63320K, reserved 1103872K
  class space    used 8023K, capacity 8523K, committed 8576K, reserved 1048576K
}
Event: 108.711 GC heap before
{Heap before GC invocations=29 (full 3):
 PSYoungGen      total 297472K, used 285184K [0x00000000e0000000, 0x00000000f7780000, 0x0000000100000000)
  eden space 277504K, 100% used [0x00000000e0000000,0x00000000f0f00000,0x00000000f0f00000)
  from space 19968K, 38% used [0x00000000f0f00000,0x00000000f1680298,0x00000000f2280000)
  to   space 18944K, 0% used [0x00000000f6500000,0x00000000f6500000,0x00000000f7780000)
 ParOldGen       total 93696K, used 42147K [0x00000000a0000000, 0x00000000a5b80000, 0x00000000e0000000)
  object space 93696K, 44% used [0x00000000a0000000,0x00000000a2928de0,0x00000000a5b80000)
 Metaspace       used 65314K, capacity 67890K, committed 67928K, reserved 1107968K
  class space    used 8497K, capacity 9078K, committed 9088K, reserved 1048576K
Event: 108.724 GC heap after
Heap after GC invocations=29 (full 3):
 PSYoungGen      total 356352K, used 5946K [0x00000000e0000000, 0x00000000f7200000, 0x0000000100000000)
  eden space 343040K, 0% used [0x00000000e0000000,0x00000000e0000000,0x00000000f4f00000)
  from space 13312K, 44% used [0x00000000f6500000,0x00000000f6acea48,0x00000000f7200000)
  to   space 17920K, 0% used [0x00000000f4f00000,0x00000000f4f00000,0x00000000f6080000)
 ParOldGen       total 93696K, used 44328K [0x00000000a0000000, 0x00000000a5b80000, 0x00000000e0000000)
  object space 93696K, 47% used [0x00000000a0000000,0x00000000a2b4a2e8,0x00000000a5b80000)
 Metaspace       used 65314K, capacity 67890K, committed 67928K, reserved 1107968K
  class space    used 8497K, capacity 9078K, committed 9088K, reserved 1048576K
}

